d:\mars-accident\x64\release\vc143.pdb
d:\mars-accident\x64\release\tutorialscene.obj
d:\mars-accident\x64\release\stage2scene.obj
d:\mars-accident\x64\release\titlescene.obj
d:\mars-accident\x64\release\shotbeam.obj
d:\mars-accident\x64\release\scenemanager.obj
d:\mars-accident\x64\release\stage1scene.obj
d:\mars-accident\x64\release\scene.obj
d:\mars-accident\x64\release\rocket.obj
d:\mars-accident\x64\release\rect.obj
d:\mars-accident\x64\release\player.obj
d:\mars-accident\x64\release\pad.obj
d:\mars-accident\x64\release\main.obj
d:\mars-accident\x64\release\input.obj
d:\mars-accident\x64\release\gameoverscene.obj
d:\mars-accident\x64\release\gameclearscene.obj
d:\mars-accident\x64\release\s2ufo.obj
d:\mars-accident\x64\release\enemyright.obj
d:\mars-accident\x64\release\enemyleft.obj
d:\mars-accident\x64\release\enemybase.obj
d:\mars-accident\x64\release\bg.obj
d:\mars-accident\x64\release\vec2.obj
d:\mars-accident\x64\release\ufo.obj
c:\mars-accident\x64\release\marsaccident.ipdb
c:\mars-accident\x64\release\marsaccident.iobj
d:\mars-accident\x64\release\marsaccident.ipdb
d:\mars-accident\x64\release\marsaccident.iobj
d:\mars-accident\x64\release\marsaccident.exe
d:\mars-accident\x64\release\marsaccident.pdb
d:\mars-accident\x64\release\animation.obj
d:\mars-accident\x64\release\graphic.obj
d:\mars-accident\x64\release\marsaccident.tlog\cl.command.1.tlog
d:\mars-accident\x64\release\marsaccident.tlog\cl.items.tlog
d:\mars-accident\x64\release\marsaccident.tlog\cl.read.1.tlog
d:\mars-accident\x64\release\marsaccident.tlog\cl.write.1.tlog
d:\mars-accident\x64\release\marsaccident.tlog\link.command.1.tlog
d:\mars-accident\x64\release\marsaccident.tlog\link.read.1.tlog
d:\mars-accident\x64\release\marsaccident.tlog\link.write.1.tlog
d:\mars-accident\x64\release\marsaccident.tlog\link.write.2u.tlog
