  Animation.cpp
  Bg.cpp
C:\DxLib_VC\プロジェクトに追加すべきファイル_VC用\DxLib.h(3344,1): warning C4819: ファイルは、現在のコード ページ (932) で表示できない文字を含んでいます。データの損失を防ぐために、ファイルを Unicode 形式で保存してください。
  EnemyBase.cpp
C:\DxLib_VC\プロジェクトに追加すべきファイル_VC用\DxLib.h(3344,1): warning C4819: ファイルは、現在のコード ページ (932) で表示できない文字を含んでいます。データの損失を防ぐために、ファイルを Unicode 形式で保存してください。
  EnemyLeft.cpp
C:\DxLib_VC\プロジェクトに追加すべきファイル_VC用\DxLib.h(3344,1): warning C4819: ファイルは、現在のコード ページ (932) で表示できない文字を含んでいます。データの損失を防ぐために、ファイルを Unicode 形式で保存してください。
  EnemyRight.cpp
C:\DxLib_VC\プロジェクトに追加すべきファイル_VC用\DxLib.h(3344,1): warning C4819: ファイルは、現在のコード ページ (932) で表示できない文字を含んでいます。データの損失を防ぐために、ファイルを Unicode 形式で保存してください。
  graphic.cpp
  GameClearScene.cpp
C:\DxLib_VC\プロジェクトに追加すべきファイル_VC用\DxLib.h(3344,1): warning C4819: ファイルは、現在のコード ページ (932) で表示できない文字を含んでいます。データの損失を防ぐために、ファイルを Unicode 形式で保存してください。
C:\Mars-Accident\Scene\GameClearScene.cpp(65,57): warning C4244: '引数': 'double' から 'int' への変換です。データが失われる可能性があります。
C:\Mars-Accident\Scene\GameClearScene.cpp(75,57): warning C4244: '引数': 'double' から 'int' への変換です。データが失われる可能性があります。
  GameOverScene.cpp
C:\DxLib_VC\プロジェクトに追加すべきファイル_VC用\DxLib.h(3344,1): warning C4819: ファイルは、現在のコード ページ (932) で表示できない文字を含んでいます。データの損失を防ぐために、ファイルを Unicode 形式で保存してください。
C:\Mars-Accident\Scene\GameOverScene.cpp(64,57): warning C4244: '引数': 'double' から 'int' への変換です。データが失われる可能性があります。
C:\Mars-Accident\Scene\GameOverScene.cpp(74,57): warning C4244: '引数': 'double' から 'int' への変換です。データが失われる可能性があります。
  Input.cpp
C:\DxLib_VC\プロジェクトに追加すべきファイル_VC用\DxLib.h(3344,1): warning C4819: ファイルは、現在のコード ページ (932) で表示できない文字を含んでいます。データの損失を防ぐために、ファイルを Unicode 形式で保存してください。
  Main.cpp
C:\DxLib_VC\プロジェクトに追加すべきファイル_VC用\DxLib.h(3344,1): warning C4819: ファイルは、現在のコード ページ (932) で表示できない文字を含んでいます。データの損失を防ぐために、ファイルを Unicode 形式で保存してください。
  Pad.cpp
C:\DxLib_VC\プロジェクトに追加すべきファイル_VC用\DxLib.h(3344,1): warning C4819: ファイルは、現在のコード ページ (932) で表示できない文字を含んでいます。データの損失を防ぐために、ファイルを Unicode 形式で保存してください。
  Player.cpp
C:\DxLib_VC\プロジェクトに追加すべきファイル_VC用\DxLib.h(3344,1): warning C4819: ファイルは、現在のコード ページ (932) で表示できない文字を含んでいます。データの損失を防ぐために、ファイルを Unicode 形式で保存してください。
  Rect.cpp
C:\DxLib_VC\プロジェクトに追加すべきファイル_VC用\DxLib.h(3344,1): warning C4819: ファイルは、現在のコード ページ (932) で表示できない文字を含んでいます。データの損失を防ぐために、ファイルを Unicode 形式で保存してください。
  Rocket.cpp
C:\DxLib_VC\プロジェクトに追加すべきファイル_VC用\DxLib.h(3344,1): warning C4819: ファイルは、現在のコード ページ (932) で表示できない文字を含んでいます。データの損失を防ぐために、ファイルを Unicode 形式で保存してください。
C:\Mars-Accident\Rocket.cpp(54,69): warning C4244: '引数': 'float' から 'int' への変換です。データが失われる可能性があります。
  Scene.cpp
  Stage1Scene.cpp
C:\DxLib_VC\プロジェクトに追加すべきファイル_VC用\DxLib.h(3344,1): warning C4819: ファイルは、現在のコード ページ (932) で表示できない文字を含んでいます。データの損失を防ぐために、ファイルを Unicode 形式で保存してください。
C:\Mars-Accident\Scene\Stage1Scene.cpp(389,39): warning C4244: '引数': 'double' から 'int' への変換です。データが失われる可能性があります。
C:\Mars-Accident\Scene\Stage1Scene.cpp(464,17): warning C4244: '初期化中': 'float' から 'int' への変換です。データが失われる可能性があります。
C:\Mars-Accident\Scene\Stage1Scene.cpp(474,13): warning C4244: '初期化中': 'float' から 'int' への変換です。データが失われる可能性があります。
C:\Mars-Accident\Scene\Stage1Scene.cpp(479,9): warning C4244: '初期化中': 'float' から 'int' への変換です。データが失われる可能性があります。
  SceneManager.cpp
  ShotBeam.cpp
C:\DxLib_VC\プロジェクトに追加すべきファイル_VC用\DxLib.h(3344,1): warning C4819: ファイルは、現在のコード ページ (932) で表示できない文字を含んでいます。データの損失を防ぐために、ファイルを Unicode 形式で保存してください。
C:\Mars-Accident\ShotBeam.cpp(31,10): warning C4244: '初期化中': 'const float' から 'int' への変換です。データが失われる可能性があります。
C:\Mars-Accident\ShotBeam.cpp(72,40): warning C4244: '引数': 'int' から 'float' への変換です。データが失われる可能性があります。
C:\Mars-Accident\ShotBeam.cpp(80,31): warning C4244: '引数': 'const float' から 'int' への変換です。データが失われる可能性があります。
C:\Mars-Accident\ShotBeam.cpp(80,27): warning C4244: '引数': 'float' から 'int' への変換です。データが失われる可能性があります。
C:\Mars-Accident\ShotBeam.cpp(80,18): warning C4244: '引数': 'float' から 'int' への変換です。データが失われる可能性があります。
  TitleScene.cpp
C:\DxLib_VC\プロジェクトに追加すべきファイル_VC用\DxLib.h(3344,1): warning C4819: ファイルは、現在のコード ページ (932) で表示できない文字を含んでいます。データの損失を防ぐために、ファイルを Unicode 形式で保存してください。
C:\Mars-Accident\Scene\TitleScene.cpp(57,62): warning C4244: '引数': 'double' から 'int' への変換です。データが失われる可能性があります。
C:\Mars-Accident\Scene\TitleScene.cpp(58,57): warning C4244: '引数': 'double' から 'int' への変換です。データが失われる可能性があります。
C:\Mars-Accident\Scene\TitleScene.cpp(61,12): warning C4244: '初期化中': 'float' から 'int' への変換です。データが失われる可能性があります。
C:\Mars-Accident\Scene\TitleScene.cpp(69,62): warning C4244: '引数': 'double' から 'int' への変換です。データが失われる可能性があります。
C:\Mars-Accident\Scene\TitleScene.cpp(70,57): warning C4244: '引数': 'double' から 'int' への変換です。データが失われる可能性があります。
  Stage2Scene.cpp
C:\DxLib_VC\プロジェクトに追加すべきファイル_VC用\DxLib.h(3344,1): warning C4819: ファイルは、現在のコード ページ (932) で表示できない文字を含んでいます。データの損失を防ぐために、ファイルを Unicode 形式で保存してください。
C:\Mars-Accident\Scene\Stage2Scene.cpp(379,40): warning C4244: '引数': 'double' から 'int' への変換です。データが失われる可能性があります。
C:\Mars-Accident\Scene\Stage2Scene.cpp(454,17): warning C4244: '初期化中': 'float' から 'int' への変換です。データが失われる可能性があります。
C:\Mars-Accident\Scene\Stage2Scene.cpp(464,13): warning C4244: '初期化中': 'float' から 'int' への変換です。データが失われる可能性があります。
C:\Mars-Accident\Scene\Stage2Scene.cpp(469,9): warning C4244: '初期化中': 'float' から 'int' への変換です。データが失われる可能性があります。
  コンパイル中...
  UFO.cpp
C:\DxLib_VC\プロジェクトに追加すべきファイル_VC用\DxLib.h(3344,1): warning C4819: ファイルは、現在のコード ページ (932) で表示できない文字を含んでいます。データの損失を防ぐために、ファイルを Unicode 形式で保存してください。
  Vec2.cpp
  コード生成しています。
  Previous IPDB not found, fall back to full compilation.
  All 941 functions were compiled because no usable IPDB/IOBJ from previous compilation was found.
  コード生成が終了しました。
  MarsAccident.vcxproj -> C:\Mars-Accident\x64\Release\MarsAccident.exe
