c:\users\fko2347078\documents\github\mars-accident\x64\debug\vc143.pdb
c:\users\fko2347078\documents\github\mars-accident\x64\debug\vc143.idb
c:\users\fko2347078\documents\github\mars-accident\x64\debug\tutorialscene.obj
c:\users\fko2347078\documents\github\mars-accident\x64\debug\stage2scene.obj
c:\users\fko2347078\documents\github\mars-accident\x64\debug\titlescene.obj
c:\users\fko2347078\documents\github\mars-accident\x64\debug\shotbeam.obj
c:\users\fko2347078\documents\github\mars-accident\x64\debug\scenemanager.obj
c:\users\fko2347078\documents\github\mars-accident\x64\debug\stage1scene.obj
c:\users\fko2347078\documents\github\mars-accident\x64\debug\scene.obj
c:\users\fko2347078\documents\github\mars-accident\x64\debug\rocket.obj
c:\users\fko2347078\documents\github\mars-accident\x64\debug\rect.obj
c:\users\fko2347078\documents\github\mars-accident\x64\debug\player.obj
c:\users\fko2347078\documents\github\mars-accident\x64\debug\pad.obj
c:\users\fko2347078\documents\github\mars-accident\x64\debug\main.obj
c:\users\fko2347078\documents\github\mars-accident\x64\debug\input.obj
c:\users\fko2347078\documents\github\mars-accident\x64\debug\gameoverscene.obj
c:\users\fko2347078\documents\github\mars-accident\x64\debug\gameclearscene.obj
c:\users\fko2347078\documents\github\mars-accident\x64\debug\s2ufo.obj
c:\users\fko2347078\documents\github\mars-accident\x64\debug\enemyright.obj
c:\users\fko2347078\documents\github\mars-accident\x64\debug\enemyleft.obj
c:\users\fko2347078\documents\github\mars-accident\x64\debug\enemybase.obj
c:\users\fko2347078\documents\github\mars-accident\x64\debug\bg.obj
c:\users\fko2347078\documents\github\mars-accident\x64\debug\vec2.obj
c:\users\fko2347078\documents\github\mars-accident\x64\debug\ufo.obj
c:\users\fko2347078\documents\github\mars-accident\x64\debug\marsaccident.exe
c:\users\fko2347078\documents\github\mars-accident\x64\debug\marsaccident.ilk
c:\users\fko2347078\documents\github\mars-accident\x64\debug\marsaccident.pdb
c:\users\fko2347078\documents\github\mars-accident\x64\debug\marsaccident.tlog\cl.command.1.tlog
c:\users\fko2347078\documents\github\mars-accident\x64\debug\marsaccident.tlog\cl.read.1.tlog
c:\users\fko2347078\documents\github\mars-accident\x64\debug\marsaccident.tlog\cl.write.1.tlog
c:\users\fko2347078\documents\github\mars-accident\x64\debug\marsaccident.tlog\link.command.1.tlog
c:\users\fko2347078\documents\github\mars-accident\x64\debug\marsaccident.tlog\link.read.1.tlog
c:\users\fko2347078\documents\github\mars-accident\x64\debug\marsaccident.tlog\link.write.1.tlog
